This is pdfTeX, Version 3.1415926-2.5-1.40.14 (MiKTeX 2.9 64-bit) (preloaded format=pdflatex 2014.9.5)  11 DEC 2014 13:26
entering extended mode
**opnaaede_erfaringer.tex

(C:\Users\Morten\Dropbox\PRJ2\LaTeX\Rapport\Projektbeskrivelse\Opnaaede_erfarin
ger\opnaaede_erfaringer.tex
LaTeX2e <2014/05/01>
Babel <3.9k> and hyphenation patterns for 68 languages loaded.
! Undefined control sequence.
l.1 \section
            {Opn√•ede Erfaringer}
The control sequence at the end of the top line
of your error message was never \def'ed. If you have
misspelled it (e.g., `\hobx'), type `I' and the correct
spelling (e.g., `I\hbox'). Otherwise just continue,
and I'll forget about whatever was undefined.


! LaTeX Error: Missing \begin{document}.

See the LaTeX manual or LaTeX Companion for explanation.
Type  H <return>  for immediate help.
 ...                                              
                                                  
l.1 \section{O
              pn√•ede Erfaringer}
You're in trouble here.  Try typing  <return>  to proceed.
If that doesn't work, type  X <return>  to quit.

Missing character: There is no O in font nullfont!
Missing character: There is no p in font nullfont!
Missing character: There is no n in font nullfont!
Missing character: There is no √ in font nullfont!
Missing character: There is no • in font nullfont!
Missing character: There is no e in font nullfont!
Missing character: There is no d in font nullfont!
Missing character: There is no e in font nullfont!
Missing character: There is no E in font nullfont!
Missing character: There is no r in font nullfont!
Missing character: There is no f in font nullfont!
Missing character: There is no a in font nullfont!
Missing character: There is no r in font nullfont!
Missing character: There is no i in font nullfont!
Missing character: There is no n in font nullfont!
Missing character: There is no g in font nullfont!
Missing character: There is no e in font nullfont!
Missing character: There is no r in font nullfont!

! LaTeX Error: File `Projektbeskrivelse/Opnaaede_erfaringer/Faelles/faelles.tex
' not found.

Type X to quit or <RETURN> to proceed,
or enter new name. (Default extension: tex)

Enter file name: 
! Emergency stop.
<read *> 
         
l.2 ...se/Opnaaede_erfaringer/Faelles/faelles.tex}
                                                  
*** (cannot \read from terminal in nonstop modes)

 
Here is how much of TeX's memory you used:
 9 strings out of 493706
 447 string characters out of 3144581
 52139 words of memory out of 3000000
 3427 multiletter control sequences out of 15000+200000
 3640 words of font info for 14 fonts, out of 3000000 for 9000
 1025 hyphenation exceptions out of 8191
 5i,0n,4p,93b,16s stack positions out of 5000i,500n,10000p,200000b,50000s
!  ==> Fatal error occurred, no output PDF file produced!
