\BOOKMARK [0][-]{chapter.1}{Softwaredesign}{}% 1
\BOOKMARK [1][-]{section.1.1}{Version}{chapter.1}% 2
\BOOKMARK [1][-]{section.1.2}{PC blokken}{chapter.1}% 3
\BOOKMARK [2][-]{subsection.1.2.1}{UART}{section.1.2}% 4
\BOOKMARK [2][-]{subsection.1.2.2}{UI}{section.1.2}% 5
\BOOKMARK [2][-]{subsection.1.2.3}{Scenario}{section.1.2}% 6
\BOOKMARK [2][-]{subsection.1.2.4}{Action}{section.1.2}% 7
\BOOKMARK [1][-]{section.1.3}{Transmitter blokken}{chapter.1}% 8
\BOOKMARK [2][-]{subsection.1.3.1}{Transmitter}{section.1.3}% 9
\BOOKMARK [2][-]{subsection.1.3.2}{Codelock}{section.1.3}% 10
\BOOKMARK [2][-]{subsection.1.3.3}{Transmitter UART}{section.1.3}% 11
\BOOKMARK [2][-]{subsection.1.3.4}{Tx10}{section.1.3}% 12
\BOOKMARK [2][-]{subsection.1.3.5}{Time}{section.1.3}% 13
\BOOKMARK [2][-]{subsection.1.3.6}{Action}{section.1.3}% 14
\BOOKMARK [1][-]{section.1.4}{Receiver blokken}{chapter.1}% 15
\BOOKMARK [2][-]{subsection.1.4.1}{Receiver}{section.1.4}% 16
\BOOKMARK [2][-]{subsection.1.4.2}{Lampe}{section.1.4}% 17
\BOOKMARK [2][-]{subsection.1.4.3}{Rx10}{section.1.4}% 18
\BOOKMARK [1][-]{section.1.5}{Protokol}{chapter.1}% 19
\BOOKMARK [1][-]{section.1.6}{Protokol for UART}{chapter.1}% 20
\BOOKMARK [1][-]{section.1.7}{Protokol for X10}{chapter.1}% 21
\BOOKMARK [1][-]{section.1.8}{Porte}{chapter.1}% 22
\BOOKMARK [1][-]{section.1.9}{Stm diagrammer}{chapter.1}% 23
\BOOKMARK [2][-]{subsection.1.9.1}{Statemachines}{section.1.9}% 24
