\BOOKMARK [0][-]{chapter*.1}{Resum\351}{}% 1
\BOOKMARK [0][-]{chapter*.2}{Abstract}{}% 2
\BOOKMARK [0][-]{section*.3}{Indhold}{}% 3
\BOOKMARK [0][-]{chapter.1}{Indledning}{}% 4
\BOOKMARK [1][-]{section.1.1}{Forkortelser i rapporten}{chapter.1}% 5
\BOOKMARK [1][-]{section.1.2}{Navne i dokumentationen}{chapter.1}% 6
\BOOKMARK [0][-]{chapter.2}{Opgaveformulering}{}% 7
\BOOKMARK [0][-]{chapter.3}{Projektafgr\346nsning}{}% 8
\BOOKMARK [0][-]{chapter.4}{Systembeskrivelse}{}% 9
\BOOKMARK [0][-]{chapter.5}{Krav}{}% 10
\BOOKMARK [0][-]{chapter.6}{Projektbeskrivelse}{}% 11
\BOOKMARK [1][-]{section.6.1}{Projektgennemf\370relse}{chapter.6}% 12
\BOOKMARK [1][-]{section.6.2}{Metoder}{chapter.6}% 13
\BOOKMARK [2][-]{subsection.6.2.1}{SysML}{section.6.2}% 14
\BOOKMARK [2][-]{subsection.6.2.2}{Scrum}{section.6.2}% 15
\BOOKMARK [2][-]{subsection.6.2.3}{V-model og ASE-model}{section.6.2}% 16
\BOOKMARK [2][-]{subsection.6.2.4}{Versions-styring}{section.6.2}% 17
\BOOKMARK [2][-]{subsection.6.2.5}{Review}{section.6.2}% 18
\BOOKMARK [1][-]{section.6.3}{Fildeling}{chapter.6}% 19
\BOOKMARK [2][-]{subsection.6.3.1}{Dropbox}{section.6.3}% 20
\BOOKMARK [2][-]{subsection.6.3.2}{SVN}{section.6.3}% 21
\BOOKMARK [1][-]{section.6.4}{LaTeX}{chapter.6}% 22
\BOOKMARK [1][-]{section.6.5}{Specifikation og Analyse}{chapter.6}% 23
\BOOKMARK [1][-]{section.6.6}{SystemArkitektur}{chapter.6}% 24
\BOOKMARK [2][-]{subsection.6.6.1}{SysML}{section.6.6}% 25
\BOOKMARK [2][-]{subsection.6.6.2}{Applikationsmodel}{section.6.6}% 26
\BOOKMARK [1][-]{section.6.7}{Udviklingsv\346rkt\370jer}{chapter.6}% 27
\BOOKMARK [2][-]{subsection.6.7.1}{Multisim}{section.6.7}% 28
\BOOKMARK [2][-]{subsection.6.7.2}{Visual Studio 2013}{section.6.7}% 29
\BOOKMARK [2][-]{subsection.6.7.3}{Atmel Studio}{section.6.7}% 30
\BOOKMARK [1][-]{section.6.8}{Hardware Design og Implementering}{chapter.6}% 31
\BOOKMARK [2][-]{subsection.6.8.1}{Overordnede overvejelser}{section.6.8}% 32
\BOOKMARK [2][-]{subsection.6.8.2}{Underblokke}{section.6.8}% 33
\BOOKMARK [1][-]{section.6.9}{Software Design og Implementering}{chapter.6}% 34
\BOOKMARK [2][-]{subsection.6.9.1}{PC Dom\346ne}{section.6.9}% 35
\BOOKMARK [2][-]{subsection.6.9.2}{Transmitter Dom\346ne}{section.6.9}% 36
\BOOKMARK [2][-]{subsection.6.9.3}{Receiver Dom\346ne}{section.6.9}% 37
\BOOKMARK [2][-]{subsection.6.9.4}{Software Implementering}{section.6.9}% 38
\BOOKMARK [1][-]{section.6.10}{Integrationstest}{chapter.6}% 39
\BOOKMARK [1][-]{section.6.11}{Resultater og diskussion}{chapter.6}% 40
\BOOKMARK [1][-]{section.6.12}{Opn\345ede Erfaringer}{chapter.6}% 41
\BOOKMARK [2][-]{subsection.6.12.1}{F\346lles Erfaringer}{section.6.12}% 42
\BOOKMARK [2][-]{subsection.6.12.2}{Henrik}{section.6.12}% 43
\BOOKMARK [2][-]{subsection.6.12.3}{David}{section.6.12}% 44
\BOOKMARK [2][-]{subsection.6.12.4}{Morten}{section.6.12}% 45
\BOOKMARK [2][-]{subsection.6.12.5}{Kristian S.}{section.6.12}% 46
\BOOKMARK [2][-]{subsection.6.12.6}{Kasper}{section.6.12}% 47
\BOOKMARK [2][-]{subsection.6.12.7}{Philip}{section.6.12}% 48
\BOOKMARK [2][-]{subsection.6.12.8}{Lasse}{section.6.12}% 49
\BOOKMARK [2][-]{subsection.6.12.9}{Kristian T.}{section.6.12}% 50
\BOOKMARK [1][-]{section.6.13}{Fremtidigt Arbejde}{chapter.6}% 51
\BOOKMARK [0][-]{chapter.7}{Konklusion}{}% 52
\BOOKMARK [0][-]{section*.12}{Litteraturliste}{}% 53
