\BOOKMARK [0][-]{section*.1}{Indhold}{}% 1
\BOOKMARK [0][-]{chapter.1}{Hardwareimplementering}{}% 2
\BOOKMARK [1][-]{section.1.1}{Version}{chapter.1}% 3
\BOOKMARK [1][-]{section.1.2}{Sp\346ndingsforsyning}{chapter.1}% 4
\BOOKMARK [1][-]{section.1.3}{Kodel\345s}{chapter.1}% 5
\BOOKMARK [1][-]{section.1.4}{Zerocross Detector}{chapter.1}% 6
\BOOKMARK [1][-]{section.1.5}{Carrier generator}{chapter.1}% 7
\BOOKMARK [1][-]{section.1.6}{Light module}{chapter.1}% 8
\BOOKMARK [1][-]{section.1.7}{Carrier Detector}{chapter.1}% 9
\BOOKMARK [0][-]{chapter.2}{Softwareimplementering}{}% 10
\BOOKMARK [1][-]{section.2.1}{Version}{chapter.2}% 11
\BOOKMARK [1][-]{section.2.2}{PC blokken}{chapter.2}% 12
\BOOKMARK [2][-]{subsection.2.2.1}{Scenario}{section.2.2}% 13
\BOOKMARK [2][-]{subsection.2.2.2}{Action}{section.2.2}% 14
\BOOKMARK [2][-]{subsection.2.2.3}{UI}{section.2.2}% 15
\BOOKMARK [2][-]{subsection.2.2.4}{PC UART}{section.2.2}% 16
\BOOKMARK [2][-]{subsection.2.2.5}{PC Main}{section.2.2}% 17
\BOOKMARK [1][-]{section.2.3}{Transmitter blokken}{chapter.2}% 18
\BOOKMARK [2][-]{subsection.2.3.1}{Action klassen}{section.2.3}% 19
\BOOKMARK [2][-]{subsection.2.3.2}{Codelock klassen}{section.2.3}% 20
\BOOKMARK [2][-]{subsection.2.3.3}{Time klassen}{section.2.3}% 21
\BOOKMARK [2][-]{subsection.2.3.4}{Transmitter klassen}{section.2.3}% 22
\BOOKMARK [2][-]{subsection.2.3.5}{Tx10 klassen}{section.2.3}% 23
\BOOKMARK [2][-]{subsection.2.3.6}{TxUART klassen}{section.2.3}% 24
\BOOKMARK [1][-]{section.2.4}{Receiver}{chapter.2}% 25
\BOOKMARK [2][-]{subsection.2.4.1}{Rx10 klassen}{section.2.4}% 26
\BOOKMARK [2][-]{subsection.2.4.2}{Receiver control klassen}{section.2.4}% 27
